arandr
autoconf
automake
awesome
baobab
base
bison
cheese
chromium
dmenu
docker
efibootmgr
eog
epiphany
evince
fakeroot
file-roller
flex
fzf
gcc
gdm
gedit
git
gnome-backgrounds
gnome-books
gnome-boxes
gnome-calculator
gnome-calendar
gnome-characters
gnome-clocks
gnome-color-manager
gnome-contacts
gnome-control-center
gnome-disk-utility
gnome-font-viewer
gnome-keyring
gnome-logs
gnome-maps
gnome-menus
gnome-music
gnome-photos
gnome-remote-desktop
gnome-session
gnome-settings-daemon
gnome-shell
gnome-shell-extensions
gnome-software
gnome-system-monitor
gnome-terminal
gnome-user-docs
gnome-user-share
gnome-video-effects
gnome-weather
grilo-plugins
grub
gvfs
gvfs-afc
gvfs-goa
gvfs-google
gvfs-gphoto2
gvfs-mtp
gvfs-nfs
gvfs-smb
linux
linux-firmware
m4
make
malcontent
mutter
nano
nautilus
networkmanager
npm
ntp
nvidia
orca
patch
picom
pkgconf
ripgrep-all
rofi
rofi-emoji
rygel
simple-scan
starship
sudo
sushi
texinfo
totem
tracker3-miners
typescript-language-server
vim
vino
which
xclip
xdg-user-dirs-gtk
xf86-video-vesa
xorg-bdftopcf
xorg-docs
xorg-font-util
xorg-fonts-100dpi
xorg-fonts-75dpi
xorg-fonts-encodings
xorg-iceauth
xorg-mkfontscale
xorg-server
xorg-server-common
xorg-server-devel
xorg-server-xephyr
xorg-server-xnest
xorg-server-xvfb
xorg-sessreg
xorg-setxkbmap
xorg-smproxy
xorg-twm
xorg-x11perf
xorg-xauth
xorg-xbacklight
xorg-xcmsdb
xorg-xcursorgen
xorg-xdpyinfo
xorg-xdriinfo
xorg-xev
xorg-xgamma
xorg-xhost
xorg-xinit
xorg-xinput
xorg-xkbcomp
xorg-xkbevd
xorg-xkbutils
xorg-xkill
xorg-xlsatoms
xorg-xlsclients
xorg-xmodmap
xorg-xpr
xorg-xprop
xorg-xrandr
xorg-xrdb
xorg-xrefresh
xorg-xset
xorg-xsetroot
xorg-xvinfo
xorg-xwayland
xorg-xwd
xorg-xwininfo
xorg-xwud
xterm
yarn
yelp
